0 info it worked if it ends with ok
1 verbose cli [ 'C:\\Program Files\\nodejs\\node.exe',
1 verbose cli   'C:\\Program Files\\nodejs\\node_modules\\npm\\bin\\npm-cli.js',
1 verbose cli   'install',
1 verbose cli   'jquery',
1 verbose cli   'valiation' ]
2 info using npm@2.15.9
3 info using node@v4.5.0
4 verbose install initial load of E:\xampp\htdocs\phpaws\s3\css\package.json
5 verbose installManyTop reading scoped package data from E:\xampp\htdocs\phpaws\s3\css\node_modules\bootstrap\package.json
6 verbose installManyTop reading scoped package data from E:\xampp\htdocs\phpaws\s3\css\node_modules\jquery\package.json
7 verbose readDependencies loading dependencies from E:\xampp\htdocs\phpaws\s3\css\package.json
8 verbose install jquery is installed as 3.1.1
9 silly cache add args [ 'jquery', null ]
10 verbose cache add spec jquery
11 silly cache add args [ 'valiation', null ]
12 verbose cache add spec valiation
13 silly cache add parsed spec Result {
13 silly cache add   raw: 'jquery',
13 silly cache add   scope: null,
13 silly cache add   name: 'jquery',
13 silly cache add   rawSpec: '',
13 silly cache add   spec: 'latest',
13 silly cache add   type: 'tag' }
14 silly addNamed jquery@latest
15 verbose addNamed "latest" is being treated as a dist-tag for jquery
16 info addNameTag [ 'jquery', 'latest' ]
17 silly mapToRegistry name jquery
18 silly mapToRegistry using default registry
19 silly mapToRegistry registry https://registry.npmjs.org/
20 silly mapToRegistry data Result {
20 silly mapToRegistry   raw: 'jquery',
20 silly mapToRegistry   scope: null,
20 silly mapToRegistry   name: 'jquery',
20 silly mapToRegistry   rawSpec: '',
20 silly mapToRegistry   spec: 'latest',
20 silly mapToRegistry   type: 'tag' }
21 silly mapToRegistry uri https://registry.npmjs.org/jquery
22 verbose addNameTag registry:https://registry.npmjs.org/jquery not in flight; fetching
23 silly cache add parsed spec Result {
23 silly cache add   raw: 'valiation',
23 silly cache add   scope: null,
23 silly cache add   name: 'valiation',
23 silly cache add   rawSpec: '',
23 silly cache add   spec: 'latest',
23 silly cache add   type: 'tag' }
24 silly addNamed valiation@latest
25 verbose addNamed "latest" is being treated as a dist-tag for valiation
26 info addNameTag [ 'valiation', 'latest' ]
27 silly mapToRegistry name valiation
28 silly mapToRegistry using default registry
29 silly mapToRegistry registry https://registry.npmjs.org/
30 silly mapToRegistry data Result {
30 silly mapToRegistry   raw: 'valiation',
30 silly mapToRegistry   scope: null,
30 silly mapToRegistry   name: 'valiation',
30 silly mapToRegistry   rawSpec: '',
30 silly mapToRegistry   spec: 'latest',
30 silly mapToRegistry   type: 'tag' }
31 silly mapToRegistry uri https://registry.npmjs.org/valiation
32 verbose addNameTag registry:https://registry.npmjs.org/valiation not in flight; fetching
33 verbose request uri https://registry.npmjs.org/jquery
34 verbose request no auth needed
35 info attempt registry request try #1 at 8:22:12 AM
36 verbose request id 1003347e4213f4e7
37 verbose etag W/"58b08b40-148f2"
38 verbose lastModified Fri, 24 Feb 2017 19:36:32 GMT
39 http request GET https://registry.npmjs.org/jquery
40 verbose request uri https://registry.npmjs.org/valiation
41 verbose request no auth needed
42 info attempt registry request try #1 at 8:22:12 AM
43 http request GET https://registry.npmjs.org/valiation
44 http 304 https://registry.npmjs.org/jquery
45 verbose headers { date: 'Mon, 27 Feb 2017 01:22:12 GMT',
45 verbose headers   via: '1.1 varnish',
45 verbose headers   'cache-control': 'max-age=300',
45 verbose headers   etag: 'W/"58b08b40-148f2"',
45 verbose headers   age: '0',
45 verbose headers   connection: 'keep-alive',
45 verbose headers   'x-served-by': 'cache-sin6923-SIN',
45 verbose headers   'x-cache': 'HIT',
45 verbose headers   'x-cache-hits': '1',
45 verbose headers   'x-timer': 'S1488158532.880374,VS0,VE101',
45 verbose headers   vary: 'Accept-Encoding' }
46 silly get cb [ 304,
46 silly get   { date: 'Mon, 27 Feb 2017 01:22:12 GMT',
46 silly get     via: '1.1 varnish',
46 silly get     'cache-control': 'max-age=300',
46 silly get     etag: 'W/"58b08b40-148f2"',
46 silly get     age: '0',
46 silly get     connection: 'keep-alive',
46 silly get     'x-served-by': 'cache-sin6923-SIN',
46 silly get     'x-cache': 'HIT',
46 silly get     'x-cache-hits': '1',
46 silly get     'x-timer': 'S1488158532.880374,VS0,VE101',
46 silly get     vary: 'Accept-Encoding' } ]
47 verbose etag https://registry.npmjs.org/jquery from cache
48 verbose get saving jquery to C:\Users\CHANN VUTHY\AppData\Roaming\npm-cache\registry.npmjs.org\jquery\.cache.json
49 verbose correctMkdir C:\Users\CHANN VUTHY\AppData\Roaming\npm-cache correctMkdir not in flight; initializing
50 silly addNameTag next cb for jquery with tag latest
51 silly addNamed jquery@3.1.1
52 verbose addNamed "3.1.1" is a plain semver version for jquery
53 silly cache afterAdd jquery@3.1.1
54 verbose afterAdd C:\Users\CHANN VUTHY\AppData\Roaming\npm-cache\jquery\3.1.1\package\package.json not in flight; writing
55 verbose correctMkdir C:\Users\CHANN VUTHY\AppData\Roaming\npm-cache correctMkdir not in flight; initializing
56 verbose afterAdd C:\Users\CHANN VUTHY\AppData\Roaming\npm-cache\jquery\3.1.1\package\package.json written
57 http 404 https://registry.npmjs.org/valiation
58 verbose headers { 'content-type': 'application/json',
58 verbose headers   'cache-control': 'max-age=0',
58 verbose headers   'content-length': '2',
58 verbose headers   'accept-ranges': 'bytes',
58 verbose headers   date: 'Mon, 27 Feb 2017 01:22:14 GMT',
58 verbose headers   via: '1.1 varnish',
58 verbose headers   age: '0',
58 verbose headers   connection: 'keep-alive',
58 verbose headers   'x-served-by': 'cache-sin6921-SIN',
58 verbose headers   'x-cache': 'MISS',
58 verbose headers   'x-cache-hits': '0',
58 verbose headers   'x-timer': 'S1488158532.880823,VS0,VE1132',
58 verbose headers   vary: 'Accept-Encoding' }
59 silly get cb [ 404,
59 silly get   { 'content-type': 'application/json',
59 silly get     'cache-control': 'max-age=0',
59 silly get     'content-length': '2',
59 silly get     'accept-ranges': 'bytes',
59 silly get     date: 'Mon, 27 Feb 2017 01:22:14 GMT',
59 silly get     via: '1.1 varnish',
59 silly get     age: '0',
59 silly get     connection: 'keep-alive',
59 silly get     'x-served-by': 'cache-sin6921-SIN',
59 silly get     'x-cache': 'MISS',
59 silly get     'x-cache-hits': '0',
59 silly get     'x-timer': 'S1488158532.880823,VS0,VE1132',
59 silly get     vary: 'Accept-Encoding' } ]
60 verbose stack Error: Registry returned 404 for GET on https://registry.npmjs.org/valiation
60 verbose stack     at makeError (C:\Program Files\nodejs\node_modules\npm\node_modules\npm-registry-client\lib\request.js:264:12)
60 verbose stack     at CachingRegistryClient.<anonymous> (C:\Program Files\nodejs\node_modules\npm\node_modules\npm-registry-client\lib\request.js:242:14)
60 verbose stack     at Request._callback (C:\Program Files\nodejs\node_modules\npm\node_modules\npm-registry-client\lib\request.js:172:14)
60 verbose stack     at Request.self.callback (C:\Program Files\nodejs\node_modules\npm\node_modules\request\request.js:200:22)
60 verbose stack     at emitTwo (events.js:87:13)
60 verbose stack     at Request.emit (events.js:172:7)
60 verbose stack     at Request.<anonymous> (C:\Program Files\nodejs\node_modules\npm\node_modules\request\request.js:1067:10)
60 verbose stack     at emitOne (events.js:82:20)
60 verbose stack     at Request.emit (events.js:169:7)
60 verbose stack     at IncomingMessage.<anonymous> (C:\Program Files\nodejs\node_modules\npm\node_modules\request\request.js:988:12)
61 verbose statusCode 404
62 verbose pkgid valiation
63 verbose cwd E:\xampp\htdocs\phpaws\s3\css
64 error Windows_NT 6.1.7601
65 error argv "C:\\Program Files\\nodejs\\node.exe" "C:\\Program Files\\nodejs\\node_modules\\npm\\bin\\npm-cli.js" "install" "jquery" "valiation"
66 error node v4.5.0
67 error npm  v2.15.9
68 error code E404
69 error 404 Registry returned 404 for GET on https://registry.npmjs.org/valiation
69 error 404
69 error 404 'valiation' is not in the npm registry.
69 error 404 You should bug the author to publish it (or use the name yourself!)
69 error 404
69 error 404 Note that you can also install from a
69 error 404 tarball, folder, http url, or git url.
70 verbose exit [ 1, true ]
